<?xml version="1.0" encoding="UTF-8"?>
<!-- Generated by org.testng.reporters.JUnitReportReporter -->
<testsuite skipped="0" hostname="EPINHYDW1276" name="collections.advanced.Tests.ArrayListTests" tests="1" failures="0" timestamp="14 May 2020 16:41:04 GMT" time="0.020" errors="0">
  <testcase name="arrayListTest" time="0.020" classname="collections.advanced.Tests.ArrayListTests"/>
</testsuite> <!-- collections.advanced.Tests.ArrayListTests -->
