<?xml version="1.0" encoding="UTF-8"?>
<!-- Generated by org.testng.reporters.JUnitReportReporter -->
<testsuite skipped="0" hostname="EPINHYDW1276" name="corejava.advanced.Tests.CloneTests" tests="1" failures="0" timestamp="13 May 2020 16:58:36 GMT" time="0.011" errors="0">
  <testcase name="naturalSortTest" time="0.011" classname="corejava.advanced.Tests.CloneTests"/>
</testsuite> <!-- corejava.advanced.Tests.CloneTests -->
