<?xml version="1.0" encoding="UTF-8"?>
<!-- Generated by org.testng.reporters.JUnitReportReporter -->
<testsuite skipped="0" hostname="EPINHYDW1276" name="collections.advanced.Tests.PriorityQueueTests" tests="1" failures="0" timestamp="15 May 2020 17:40:23 GMT" time="0.014" errors="0">
  <testcase name="booklistTest" time="0.014" classname="collections.advanced.Tests.PriorityQueueTests"/>
</testsuite> <!-- collections.advanced.Tests.PriorityQueueTests -->
