<?xml version="1.0" encoding="UTF-8"?>
<!-- Generated by org.testng.reporters.JUnitReportReporter -->
<testsuite skipped="0" hostname="EPINHYDW1276" name="oopsConcepts.Advance.Tests.InheritanceTests" tests="1" failures="0" timestamp="02 May 2020 09:39:49 GMT" time="0.008" errors="0">
  <testcase name="colorpointTest" time="0.008" classname="oopsConcepts.Advance.Tests.InheritanceTests"/>
</testsuite> <!-- oopsConcepts.Advance.Tests.InheritanceTests -->
