<?xml version="1.0" encoding="UTF-8"?>
<!-- Generated by org.testng.reporters.JUnitReportReporter -->
<testsuite skipped="0" hostname="EPINHYDW1276" name="design.patterns.Tests.BuilderTests" tests="3" failures="0" timestamp="02 May 2020 19:39:04 GMT" time="161.891" errors="0">
  <testcase name="DotNetCandidateTest" time="42.857" classname="design.patterns.Tests.BuilderTests"/>
  <testcase name="CandidateTest" time="110.923" classname="design.patterns.Tests.BuilderTests"/>
  <testcase name="JavaCandidateTest" time="8.111" classname="design.patterns.Tests.BuilderTests"/>
</testsuite> <!-- design.patterns.Tests.BuilderTests -->
