<?xml version="1.0" encoding="UTF-8"?>
<!-- Generated by org.testng.reporters.JUnitReportReporter -->
<testsuite skipped="0" hostname="EPINHYDW1276" name="java8.advanced.Tests.FunctionalInterfaceTests" tests="1" failures="0" timestamp="16 May 2020 18:44:10 GMT" time="0.054" errors="0">
  <testcase name="supplierTest" time="0.054" classname="java8.advanced.Tests.FunctionalInterfaceTests"/>
</testsuite> <!-- java8.advanced.Tests.FunctionalInterfaceTests -->
