<?xml version="1.0" encoding="UTF-8"?>
<!-- Generated by org.testng.reporters.JUnitReportReporter -->
<testsuite skipped="0" hostname="EPINHYDW1276" name="java8.advanced.Tests.StreamAPITests" tests="1" failures="0" timestamp="17 May 2020 08:40:59 GMT" time="0.058" errors="0">
  <testcase name="streamTest" time="0.058" classname="java8.advanced.Tests.StreamAPITests"/>
</testsuite> <!-- java8.advanced.Tests.StreamAPITests -->
