<?xml version="1.0" encoding="UTF-8"?>
<!-- Generated by org.testng.reporters.JUnitReportReporter -->
<testsuite skipped="0" hostname="EPINHYDW1276" name="design.patterns.Tests.CommandTests" tests="2" failures="0" timestamp="03 May 2020 14:45:50 GMT" time="0.005" errors="0">
  <testcase name="buyStockTest" time="0.005" classname="design.patterns.Tests.CommandTests"/>
  <testcase name="sellStockTest" time="0.000" classname="design.patterns.Tests.CommandTests"/>
</testsuite> <!-- design.patterns.Tests.CommandTests -->
