<?xml version="1.0" encoding="UTF-8"?>
<!-- Generated by org.testng.reporters.JUnitReportReporter -->
<testsuite skipped="0" hostname="EPINHYDW1276" name="corejava.advanced.Tests.SwitchTests" tests="1" failures="0" timestamp="13 May 2020 15:03:13 GMT" time="0.003" errors="0">
  <testcase name="findMonthTest" time="0.003" classname="corejava.advanced.Tests.SwitchTests"/>
</testsuite> <!-- corejava.advanced.Tests.SwitchTests -->
