<?xml version="1.0" encoding="UTF-8"?>
<!-- Generated by org.testng.reporters.JUnitReportReporter -->
<testsuite skipped="0" hostname="EPINHYDW1276" name="corejava.advanced.Tests.ArraysTests" tests="2" failures="0" timestamp="13 May 2020 15:03:13 GMT" time="0.003" errors="0">
  <testcase name="sortTest" time="0.002" classname="corejava.advanced.Tests.ArraysTests"/>
  <testcase name="searchEvenTest" time="0.001" classname="corejava.advanced.Tests.ArraysTests"/>
</testsuite> <!-- corejava.advanced.Tests.ArraysTests -->
