<?xml version="1.0" encoding="UTF-8"?>
<!-- Generated by org.testng.reporters.JUnitReportReporter -->
<testsuite skipped="0" hostname="EPINHYDW1276" name="corejava.advanced.Tests.LoopsTests" tests="3" failures="0" timestamp="13 May 2020 15:03:13 GMT" time="0.006" errors="0">
  <testcase name="evenOddNumTest" time="0.002" classname="corejava.advanced.Tests.LoopsTests"/>
  <testcase name="printNumTest" time="0.002" classname="corejava.advanced.Tests.LoopsTests"/>
  <testcase name="printNameTest" time="0.002" classname="corejava.advanced.Tests.LoopsTests"/>
</testsuite> <!-- corejava.advanced.Tests.LoopsTests -->
