<?xml version="1.0" encoding="UTF-8"?>
<!-- Generated by org.testng.reporters.JUnitReportReporter -->
<testsuite skipped="0" hostname="EPINHYDW1276" name="corejava.advanced.Tests.ComparatorTests" tests="1" failures="0" timestamp="13 May 2020 15:56:21 GMT" time="0.010" errors="0">
  <testcase name="naturalSortTest" time="0.010" classname="corejava.advanced.Tests.ComparatorTests"/>
</testsuite> <!-- corejava.advanced.Tests.ComparatorTests -->
