<?xml version="1.0" encoding="UTF-8"?>
<!-- Generated by org.testng.reporters.JUnitReportReporter -->
<testsuite skipped="0" hostname="EPINHYDW1276" name="design.patterns.Tests.AbstractFactoryTests" tests="2" failures="0" timestamp="03 May 2020 09:12:34 GMT" time="0.014" errors="0">
  <testcase name="ContractTest" time="0.010" classname="design.patterns.Tests.AbstractFactoryTests"/>
  <testcase name="FulltimeTest" time="0.004" classname="design.patterns.Tests.AbstractFactoryTests"/>
</testsuite> <!-- design.patterns.Tests.AbstractFactoryTests -->
