<?xml version="1.0" encoding="UTF-8"?>
<!-- Generated by org.testng.reporters.JUnitReportReporter -->
<testsuite skipped="0" hostname="EPINHYDW1276" name="java8.advanced.Tests.InterfaceDefaultStaticTests" tests="1" failures="0" timestamp="16 May 2020 16:58:14 GMT" time="0.061" errors="0">
  <testcase name="sortingwithComparatorTest" time="0.061" classname="java8.advanced.Tests.InterfaceDefaultStaticTests"/>
</testsuite> <!-- java8.advanced.Tests.InterfaceDefaultStaticTests -->
