<?xml version="1.0" encoding="UTF-8"?>
<!-- Generated by org.testng.reporters.JUnitReportReporter -->
<testsuite skipped="0" hostname="EPINHYDW1276" name="corejava.advanced.Tests.StringTests" tests="4" failures="0" timestamp="13 May 2020 15:03:13 GMT" time="0.006" errors="0">
  <testcase name="valueTest" time="0.001" classname="corejava.advanced.Tests.StringTests"/>
  <testcase name="appendTest" time="0.003" classname="corejava.advanced.Tests.StringTests"/>
  <testcase name="compareTest" time="0.001" classname="corejava.advanced.Tests.StringTests"/>
  <testcase name="referenceTest" time="0.001" classname="corejava.advanced.Tests.StringTests"/>
</testsuite> <!-- corejava.advanced.Tests.StringTests -->
