<?xml version="1.0" encoding="UTF-8"?>
<!-- Generated by org.testng.reporters.JUnitReportReporter -->
<testsuite skipped="0" hostname="EPINHYDW1276" name="collections.advanced.Tests.HashMapTests" tests="1" failures="0" timestamp="14 May 2020 18:21:14 GMT" time="0.012" errors="0">
  <testcase name="hashMapTest" time="0.012" classname="collections.advanced.Tests.HashMapTests"/>
</testsuite> <!-- collections.advanced.Tests.HashMapTests -->
