<?xml version="1.0" encoding="UTF-8"?>
<!-- Generated by org.testng.reporters.JUnitReportReporter -->
<testsuite skipped="0" hostname="EPINHYDW1276" name="oopsConcepts.Advance.Tests.EncapsulationTests" tests="1" failures="0" timestamp="02 May 2020 09:07:22 GMT" time="0.000" errors="0">
  <testcase name="ASCIIvalueTest" time="0.000" classname="oopsConcepts.Advance.Tests.EncapsulationTests"/>
</testsuite> <!-- oopsConcepts.Advance.Tests.EncapsulationTests -->
