<?xml version="1.0" encoding="UTF-8"?>
<!-- Generated by org.testng.reporters.JUnitReportReporter -->
<testsuite skipped="0" hostname="EPINHYDW1276" name="corejava.advanced.Tests.EnumTests" tests="2" failures="0" timestamp="13 May 2020 15:03:13 GMT" time="0.012" errors="0">
  <testcase name="seasonTest" time="0.011" classname="corejava.advanced.Tests.EnumTests"/>
  <testcase name="weekendTest" time="0.001" classname="corejava.advanced.Tests.EnumTests"/>
</testsuite> <!-- corejava.advanced.Tests.EnumTests -->
