<?xml version="1.0" encoding="UTF-8"?>
<!-- Generated by org.testng.reporters.JUnitReportReporter -->
<testsuite skipped="0" hostname="EPINHYDW1276" name="collections.advanced.Tests.HashSetTests" tests="1" failures="0" timestamp="15 May 2020 16:59:01 GMT" time="0.018" errors="0">
  <testcase name="booklistTest" time="0.018" classname="collections.advanced.Tests.HashSetTests"/>
</testsuite> <!-- collections.advanced.Tests.HashSetTests -->
