<?xml version="1.0" encoding="UTF-8"?>
<!-- Generated by org.testng.reporters.JUnitReportReporter -->
<testsuite skipped="0" hostname="EPINHYDW1276" name="oopsConcepts.Advance.Tests.PolymorphismTests" tests="2" failures="0" timestamp="02 May 2020 10:09:43 GMT" time="0.015" errors="0">
  <testcase name="methodoverridingTest" time="0.015" classname="oopsConcepts.Advance.Tests.PolymorphismTests"/>
  <testcase name="MethodOverloadingTest" time="0.000" classname="oopsConcepts.Advance.Tests.PolymorphismTests"/>
</testsuite> <!-- oopsConcepts.Advance.Tests.PolymorphismTests -->
