<?xml version="1.0" encoding="UTF-8"?>
<!-- Generated by org.testng.reporters.JUnitReportReporter -->
<testsuite skipped="0" hostname="EPINHYDW1276" name="design.patterns.Tests.SingletonTests" tests="1" failures="0" timestamp="02 May 2020 21:03:24 GMT" time="0.013" errors="0">
  <testcase name="verifyEpamTitle" time="0.013" classname="design.patterns.Tests.SingletonTests"/>
</testsuite> <!-- design.patterns.Tests.SingletonTests -->
