<?xml version="1.0" encoding="UTF-8"?>
<!-- Generated by org.testng.reporters.JUnitReportReporter -->
<testsuite skipped="0" hostname="EPINHYDW1276" name="design.patterns.Tests.DecoratorTests" tests="4" failures="0" timestamp="03 May 2020 11:05:06 GMT" time="0.019" errors="0">
  <testcase name="redsquareTest" time="0.000" classname="design.patterns.Tests.DecoratorTests"/>
  <testcase name="redcircleTest" time="0.004" classname="design.patterns.Tests.DecoratorTests"/>
  <testcase name="circleTest" time="0.014" classname="design.patterns.Tests.DecoratorTests"/>
  <testcase name="rectangleTest" time="0.001" classname="design.patterns.Tests.DecoratorTests"/>
</testsuite> <!-- design.patterns.Tests.DecoratorTests -->
