<?xml version="1.0" encoding="UTF-8"?>
<!-- Generated by org.testng.reporters.JUnitReportReporter -->
<testsuite skipped="0" hostname="EPINHYDW1276" name="design.patterns.Tests.StrategyTests" tests="3" failures="0" timestamp="03 May 2020 13:04:41 GMT" time="0.011" errors="0">
  <testcase name="substractionTest" time="0.001" classname="design.patterns.Tests.StrategyTests"/>
  <testcase name="additionTest" time="0.008" classname="design.patterns.Tests.StrategyTests"/>
  <testcase name="multiplicationTest" time="0.002" classname="design.patterns.Tests.StrategyTests"/>
</testsuite> <!-- design.patterns.Tests.StrategyTests -->
