<?xml version="1.0" encoding="UTF-8"?>
<!-- Generated by org.testng.reporters.JUnitReportReporter -->
<testsuite skipped="0" hostname="EPINHYDW1276" name="corejava.advanced.Tests.KeywordsTests" tests="1" failures="0" timestamp="09 May 2020 12:48:15 GMT" time="0.010" errors="0">
  <testcase name="breakandcontinueTest" time="0.010" classname="corejava.advanced.Tests.KeywordsTests"/>
</testsuite> <!-- corejava.advanced.Tests.KeywordsTests -->
