<?xml version="1.0" encoding="UTF-8"?>
<!-- Generated by org.testng.reporters.JUnitReportReporter -->
<testsuite skipped="0" hostname="EPINHYDW1276" name="oopsConcepts.Advance.Tests.AbstractionTests" tests="2" failures="0" timestamp="02 May 2020 08:49:14 GMT" time="0.011" errors="0">
  <testcase name="EmployeeTest" time="0.001" classname="oopsConcepts.Advance.Tests.AbstractionTests"/>
  <testcase name="ContractorTest" time="0.010" classname="oopsConcepts.Advance.Tests.AbstractionTests"/>
</testsuite> <!-- oopsConcepts.Advance.Tests.AbstractionTests -->
