<?xml version="1.0" encoding="UTF-8"?>
<!-- Generated by org.testng.reporters.JUnitReportReporter -->
<testsuite skipped="0" hostname="EPINHYDW1276" name="design.patterns.Tests.FactoryTests" tests="2" failures="0" timestamp="02 May 2020 23:01:23 GMT" time="0.011" errors="0">
  <testcase name="ContractTest" time="0.010" classname="design.patterns.Tests.FactoryTests"/>
  <testcase name="FulltimeTest" time="0.001" classname="design.patterns.Tests.FactoryTests"/>
</testsuite> <!-- design.patterns.Tests.FactoryTests -->
