<?xml version="1.0" encoding="UTF-8"?>
<!-- Generated by org.testng.reporters.JUnitReportReporter -->
<testsuite skipped="0" hostname="EPINHYDW1276" name="java8.advanced.Tests.LambdaExpressionTests" tests="1" failures="0" timestamp="16 May 2020 12:53:27 GMT" time="0.050" errors="0">
  <testcase name="sortingwithComparatorTest" time="0.050" classname="java8.advanced.Tests.LambdaExpressionTests"/>
</testsuite> <!-- java8.advanced.Tests.LambdaExpressionTests -->
