<?xml version="1.0" encoding="UTF-8"?>
<!-- Generated by org.testng.reporters.JUnitReportReporter -->
<testsuite skipped="0" hostname="EPINHYDW1276" name="collections.advanced.Tests.LinkedListTests" tests="1" failures="0" timestamp="14 May 2020 17:18:34 GMT" time="0.011" errors="0">
  <testcase name="booklistTest" time="0.011" classname="collections.advanced.Tests.LinkedListTests"/>
</testsuite> <!-- collections.advanced.Tests.LinkedListTests -->
