<?xml version="1.0" encoding="UTF-8"?>
<!-- Generated by org.testng.reporters.JUnitReportReporter -->
<testsuite skipped="0" hostname="EPINHYDW1276" name="collections.advanced.Tests.HashTableTests" tests="1" failures="0" timestamp="15 May 2020 16:36:27 GMT" time="0.013" errors="0">
  <testcase name="hashMapTableTest2" time="0.013" classname="collections.advanced.Tests.HashTableTests"/>
</testsuite> <!-- collections.advanced.Tests.HashTableTests -->
