<?xml version="1.0" encoding="UTF-8"?>
<!-- Generated by org.testng.reporters.JUnitReportReporter -->
<testsuite skipped="0" hostname="EPINHYDW1276" name="java8.advanced.Tests.DataAndTimeTests" tests="1" failures="0" timestamp="17 May 2020 10:45:10 GMT" time="0.010" errors="0">
  <testcase name="dateandTimeTest" time="0.010" classname="java8.advanced.Tests.DataAndTimeTests"/>
</testsuite> <!-- java8.advanced.Tests.DataAndTimeTests -->
