<?xml version="1.0" encoding="UTF-8"?>
<!-- Generated by org.testng.reporters.JUnitReportReporter -->
<testsuite skipped="0" hostname="EPINHYDW1276" name="corejava.advanced.Tests.ComparableTests" tests="1" failures="0" timestamp="13 May 2020 15:43:08 GMT" time="0.009" errors="0">
  <testcase name="naturalSortTest" time="0.009" classname="corejava.advanced.Tests.ComparableTests"/>
</testsuite> <!-- corejava.advanced.Tests.ComparableTests -->
