<?xml version="1.0" encoding="UTF-8"?>
<!-- Generated by org.testng.reporters.JUnitReportReporter -->
<testsuite skipped="0" hostname="EPINHYDW1276" name="com.qa.testcases.ContactsPageTest" tests="7" failures="0" timestamp="28 May 2020 01:26:01 GMT" time="13.528" errors="0">
  <testcase name="verifyContactsPageLabel" time="0.051" classname="com.qa.testcases.ContactsPageTest"/>
  <testcase name="selectSingleContactsTest" time="0.098" classname="com.qa.testcases.ContactsPageTest"/>
  <testcase name="selectMultipleContactsTest" time="0.138" classname="com.qa.testcases.ContactsPageTest"/>
  <testcase name="saveBlankContactTest" time="1.713" classname="com.qa.testcases.ContactsPageTest"/>
  <testcase name="validateCreateNewContact" time="3.988" classname="com.qa.testcases.ContactsPageTest"/>
  <testcase name="validateCreateNewContact" time="3.752" classname="com.qa.testcases.ContactsPageTest"/>
  <testcase name="validateCreateNewContact" time="3.788" classname="com.qa.testcases.ContactsPageTest"/>
</testsuite> <!-- com.qa.testcases.ContactsPageTest -->
