<?xml version="1.0" encoding="UTF-8"?>
<!-- Generated by org.testng.reporters.JUnitReportReporter -->
<testsuite skipped="0" hostname="EPINHYDW1276" name="com.qa.testcases.LoginPageTest" tests="4" failures="0" timestamp="28 May 2020 01:39:15 GMT" time="9.157" errors="0">
  <testcase name="navigateTest" time="8.835" classname="com.qa.testcases.LoginPageTest"/>
  <testcase name="loginPageTitleTest" time="0.010" classname="com.qa.testcases.LoginPageTest"/>
  <testcase name="crmLogoImageTest" time="0.099" classname="com.qa.testcases.LoginPageTest"/>
  <testcase name="loginTest" time="0.213" classname="com.qa.testcases.LoginPageTest"/>
</testsuite> <!-- com.qa.testcases.LoginPageTest -->
